# JRE version: Java(TM) SE Runtime Environment (21.0.5+9) (build 21.0.5+9-LTS-239)
# Java VM: Java HotSpot(TM) 64-Bit Server VM (21.0.5+9-LTS-239, mixed mode, sharing, tiered, compressed oops, compressed class ptrs, g1 gc, windows-amd64)
GC Precious Log:
 CardTable entry size: 512
 Card Set container configuration: InlinePtr #cards 5 size 8 Array Of Cards #cards 12 size 40 Howl #buckets 4 coarsen threshold 1843 Howl Bitmap #cards 512 size 80 coarsen threshold 460 Card regions per heap region 1 cards per card region 2048
 CPUs: 4 total, 4 available
 Memory: 4008M
 Large Page Support: Disabled
 NUMA Support: Disabled
 Compressed Oops: Enabled (32-bit)
 Heap Region Size: 1M
 Heap Min Capacity: 8M
 Heap Initial Capacity: 64M
 Heap Max Capacity: 1004M
 Pre-touch: Disabled
 Parallel Workers: 4
 Concurrent Workers: 1
 Concurrent Refinement Workers: 4
 Periodic GC: Disabled
Heap:
 garbage-first heap   total 91136K, used 50675K [0x00000000c1400000, 0x0000000100000000)
  region size 1024K, 10 young (10240K), 4 survivors (4096K)
 Metaspace       used 73867K, committed 74624K, reserved 1114112K
  class space    used 9771K, committed 10112K, reserved 1048576K
GC Heap History (20 events):
Event: 55.860 GC heap before
{Heap before GC invocations=13 (full 0):
 garbage-first heap   total 55296K, used 46802K [0x00000000c1400000, 0x0000000100000000)
  region size 1024K, 25 young (25600K), 3 survivors (3072K)
 Metaspace       used 38956K, committed 39488K, reserved 1114112K
  class space    used 4941K, committed 5184K, reserved 1048576K
}
Event: 55.869 GC heap after
{Heap after GC invocations=14 (full 0):
 garbage-first heap   total 55296K, used 26413K [0x00000000c1400000, 0x0000000100000000)
  region size 1024K, 3 young (3072K), 3 survivors (3072K)
 Metaspace       used 38956K, committed 39488K, reserved 1114112K
  class space    used 4941K, committed 5184K, reserved 1048576K
}
Event: 56.665 GC heap before
{Heap before GC invocations=14 (full 0):
 garbage-first heap   total 55296K, used 47917K [0x00000000c1400000, 0x0000000100000000)
  region size 1024K, 24 young (24576K), 3 survivors (3072K)
 Metaspace       used 39647K, committed 40192K, reserved 1114112K
  class space    used 5071K, committed 5312K, reserved 1048576K
}
Event: 56.675 GC heap after
{Heap after GC invocations=15 (full 0):
 garbage-first heap   total 55296K, used 27407K [0x00000000c1400000, 0x0000000100000000)
  region size 1024K, 3 young (3072K), 3 survivors (3072K)
 Metaspace       used 39647K, committed 40192K, reserved 1114112K
  class space    used 5071K, committed 5312K, reserved 1048576K
}
Event: 57.535 GC heap before
{Heap before GC invocations=15 (full 0):
 garbage-first heap   total 55296K, used 39695K [0x00000000c1400000, 0x0000000100000000)
  region size 1024K, 17 young (17408K), 3 survivors (3072K)
 Metaspace       used 42935K, committed 43456K, reserved 1114112K
  class space    used 5406K, committed 5632K, reserved 1048576K
}
Event: 57.545 GC heap after
{Heap after GC invocations=16 (full 0):
 garbage-first heap   total 55296K, used 29614K [0x00000000c1400000, 0x0000000100000000)
  region size 1024K, 3 young (3072K), 3 survivors (3072K)
 Metaspace       used 42935K, committed 43456K, reserved 1114112K
  class space    used 5406K, committed 5632K, reserved 1048576K
}
Event: 57.956 GC heap before
{Heap before GC invocations=17 (full 0):
 garbage-first heap   total 75776K, used 53166K [0x00000000c1400000, 0x0000000100000000)
  region size 1024K, 20 young (20480K), 3 survivors (3072K)
 Metaspace       used 42936K, committed 43456K, reserved 1114112K
  class space    used 5406K, committed 5632K, reserved 1048576K
}
Event: 57.966 GC heap after
{Heap after GC invocations=18 (full 0):
 garbage-first heap   total 75776K, used 32142K [0x00000000c1400000, 0x0000000100000000)
  region size 1024K, 3 young (3072K), 3 survivors (3072K)
 Metaspace       used 42936K, committed 43456K, reserved 1114112K
  class space    used 5406K, committed 5632K, reserved 1048576K
}
Event: 59.546 GC heap before
{Heap before GC invocations=18 (full 0):
 garbage-first heap   total 75776K, used 64910K [0x00000000c1400000, 0x0000000100000000)
  region size 1024K, 34 young (34816K), 3 survivors (3072K)
 Metaspace       used 44404K, committed 45056K, reserved 1114112K
  class space    used 5601K, committed 5888K, reserved 1048576K
}
Event: 59.556 GC heap after
{Heap after GC invocations=19 (full 0):
 garbage-first heap   total 91136K, used 33410K [0x00000000c1400000, 0x0000000100000000)
  region size 1024K, 2 young (2048K), 2 survivors (2048K)
 Metaspace       used 44404K, committed 45056K, reserved 1114112K
  class space    used 5601K, committed 5888K, reserved 1048576K
}
Event: 61.149 GC heap before
{Heap before GC invocations=19 (full 0):
 garbage-first heap   total 91136K, used 77442K [0x00000000c1400000, 0x0000000100000000)
  region size 1024K, 45 young (46080K), 2 survivors (2048K)
 Metaspace       used 49135K, committed 49792K, reserved 1114112K
  class space    used 6249K, committed 6528K, reserved 1048576K
}
Event: 61.158 GC heap after
{Heap after GC invocations=20 (full 0):
 garbage-first heap   total 91136K, used 35176K [0x00000000c1400000, 0x0000000100000000)
  region size 1024K, 4 young (4096K), 4 survivors (4096K)
 Metaspace       used 49135K, committed 49792K, reserved 1114112K
  class space    used 6249K, committed 6528K, reserved 1048576K
}
Event: 63.433 GC heap before
{Heap before GC invocations=20 (full 0):
 garbage-first heap   total 91136K, used 79208K [0x00000000c1400000, 0x0000000100000000)
  region size 1024K, 47 young (48128K), 4 survivors (4096K)
 Metaspace       used 59291K, committed 59968K, reserved 1114112K
  class space    used 7561K, committed 7872K, reserved 1048576K
}
Event: 63.445 GC heap after
{Heap after GC invocations=21 (full 0):
 garbage-first heap   total 91136K, used 38319K [0x00000000c1400000, 0x0000000100000000)
  region size 1024K, 5 young (5120K), 5 survivors (5120K)
 Metaspace       used 59291K, committed 59968K, reserved 1114112K
  class space    used 7561K, committed 7872K, reserved 1048576K
}
Event: 66.336 GC heap before
{Heap before GC invocations=21 (full 0):
 garbage-first heap   total 91136K, used 79279K [0x00000000c1400000, 0x0000000100000000)
  region size 1024K, 46 young (47104K), 5 survivors (5120K)
 Metaspace       used 69228K, committed 69952K, reserved 1114112K
  class space    used 9131K, committed 9472K, reserved 1048576K
}
Event: 66.349 GC heap after
{Heap after GC invocations=22 (full 0):
 garbage-first heap   total 91136K, used 40356K [0x00000000c1400000, 0x0000000100000000)
  region size 1024K, 5 young (5120K), 5 survivors (5120K)
 Metaspace       used 69228K, committed 69952K, reserved 1114112K
  class space    used 9131K, committed 9472K, reserved 1048576K
}
Event: 68.007 GC heap before
{Heap before GC invocations=23 (full 0):
 garbage-first heap   total 91136K, used 80292K [0x00000000c1400000, 0x0000000100000000)
  region size 1024K, 44 young (45056K), 5 survivors (5120K)
 Metaspace       used 71758K, committed 72512K, reserved 1114112K
  class space    used 9491K, committed 9856K, reserved 1048576K
}
Event: 68.021 GC heap after
{Heap after GC invocations=24 (full 0):
 garbage-first heap   total 91136K, used 42446K [0x00000000c1400000, 0x0000000100000000)
  region size 1024K, 4 young (4096K), 4 survivors (4096K)
 Metaspace       used 71758K, committed 72512K, reserved 1114112K
  class space    used 9491K, committed 9856K, reserved 1048576K
}
Event: 69.106 GC heap before
{Heap before GC invocations=24 (full 0):
 garbage-first heap   total 91136K, used 81358K [0x00000000c1400000, 0x0000000100000000)
  region size 1024K, 42 young (43008K), 4 survivors (4096K)
 Metaspace       used 73258K, committed 74048K, reserved 1114112K
  class space    used 9675K, committed 10048K, reserved 1048576K
}
Event: 69.123 GC heap after
{Heap after GC invocations=25 (full 0):
 garbage-first heap   total 91136K, used 43952K [0x00000000c1400000, 0x0000000100000000)
  region size 1024K, 5 young (5120K), 5 survivors (5120K)
 Metaspace       used 73258K, committed 74048K, reserved 1114112K
  class space    used 9675K, committed 10048K, reserved 1048576K
}

